2021-08-10 17:17:41.201608: I tensorflow/stream_executor/platform/default/dso_loader.cc:53] Successfully opened dynamic library libcudart.so.11.0
Loaded pretrained weights for efficientnet-b0
765 85
Epoch: [1/100], Step: [100/765], Loss: 58.89213562011719
Epoch: [1/100], Step: [200/765], Loss: 14.560020446777344
Epoch: [1/100], Step: [300/765], Loss: 6.340395927429199
Epoch: [1/100], Step: [400/765], Loss: 4.420370101928711
Epoch: [1/100], Step: [500/765], Loss: 5.475696086883545
Epoch: [1/100], Step: [600/765], Loss: 3.2284493446350098
Epoch: [1/100], Step: [700/765], Loss: 6.529788017272949
Validation: Epoch: [1/100], mean Loss: 4.545308589935303, last loss:4.459754943847656
Epoch: [2/100], Step: [100/765], Loss: 16.67557144165039
Epoch: [2/100], Step: [200/765], Loss: 6.7710065841674805
Epoch: [2/100], Step: [300/765], Loss: 5.124335289001465
Epoch: [2/100], Step: [400/765], Loss: 5.272933006286621
Epoch: [2/100], Step: [500/765], Loss: 6.422268867492676
Epoch: [2/100], Step: [600/765], Loss: 2.326042652130127
Epoch: [2/100], Step: [700/765], Loss: 4.047069549560547
Validation: Epoch: [2/100], mean Loss: 2.551825523376465, last loss:1.672971487045288
Epoch: [3/100], Step: [100/765], Loss: 1.9552133083343506
Epoch: [3/100], Step: [200/765], Loss: 3.3399159908294678
Epoch: [3/100], Step: [300/765], Loss: 2.591266393661499
Epoch: [3/100], Step: [400/765], Loss: 2.5152058601379395
Epoch: [3/100], Step: [500/765], Loss: 3.400353193283081
Epoch: [3/100], Step: [600/765], Loss: 5.839598655700684
Epoch: [3/100], Step: [700/765], Loss: 17.880712509155273
Validation: Epoch: [3/100], mean Loss: 1.8752447366714478, last loss:1.2735953330993652
Epoch: [4/100], Step: [100/765], Loss: 6.820224761962891
Epoch: [4/100], Step: [200/765], Loss: 17.792194366455078
Epoch: [4/100], Step: [300/765], Loss: 2.21598219871521
Epoch: [4/100], Step: [400/765], Loss: 2.3442623615264893
Epoch: [4/100], Step: [500/765], Loss: 2.4511020183563232
Epoch: [4/100], Step: [600/765], Loss: 0.9128684997558594
Epoch: [4/100], Step: [700/765], Loss: 9.100436210632324
Validation: Epoch: [4/100], mean Loss: 1.7146027088165283, last loss:1.3138048648834229
Epoch: [5/100], Step: [100/765], Loss: 1.7414941787719727
Epoch: [5/100], Step: [200/765], Loss: 0.9049717783927917
Epoch: [5/100], Step: [300/765], Loss: 1.4833319187164307
Epoch: [5/100], Step: [400/765], Loss: 1.942009687423706
Epoch: [5/100], Step: [500/765], Loss: 2.7008070945739746
Epoch: [5/100], Step: [600/765], Loss: 1.7645950317382812
Epoch: [5/100], Step: [700/765], Loss: 1.3304378986358643
Validation: Epoch: [5/100], mean Loss: 2.021965265274048, last loss:1.9658732414245605
Epoch: [6/100], Step: [100/765], Loss: 6.310650825500488
Epoch: [6/100], Step: [200/765], Loss: 1.5339834690093994
Epoch: [6/100], Step: [300/765], Loss: 3.633167028427124
Epoch: [6/100], Step: [400/765], Loss: 1.473128318786621
Epoch: [6/100], Step: [500/765], Loss: 1.9158381223678589
Epoch: [6/100], Step: [600/765], Loss: 2.7320456504821777
Epoch: [6/100], Step: [700/765], Loss: 0.6700450778007507
Validation: Epoch: [6/100], mean Loss: 1.8482719659805298, last loss:1.7735975980758667
Epoch: [7/100], Step: [100/765], Loss: 1.1814017295837402
Epoch: [7/100], Step: [200/765], Loss: 1.2713459730148315
Epoch: [7/100], Step: [300/765], Loss: 1.149144172668457
Epoch: [7/100], Step: [400/765], Loss: 1.4468834400177002
Epoch: [7/100], Step: [500/765], Loss: 2.306414842605591
Epoch: [7/100], Step: [600/765], Loss: 1.6364927291870117
Epoch: [7/100], Step: [700/765], Loss: 1.366194486618042
Validation: Epoch: [7/100], mean Loss: 3.393749237060547, last loss:2.8311736583709717
Epoch: [8/100], Step: [100/765], Loss: 0.9349479079246521
Epoch: [8/100], Step: [200/765], Loss: 1.3195183277130127
Epoch: [8/100], Step: [300/765], Loss: 0.8174611926078796
Epoch: [8/100], Step: [400/765], Loss: 0.5942381620407104
Epoch: [8/100], Step: [500/765], Loss: 1.38490891456604
Epoch: [8/100], Step: [600/765], Loss: 0.7952789068222046
Epoch: [8/100], Step: [700/765], Loss: 1.541401743888855
Validation: Epoch: [8/100], mean Loss: 1.2501306533813477, last loss:1.141311764717102
Epoch: [9/100], Step: [100/765], Loss: 0.7205286026000977
Epoch: [9/100], Step: [200/765], Loss: 1.1526718139648438
Epoch: [9/100], Step: [300/765], Loss: 0.4758782982826233
Epoch: [9/100], Step: [400/765], Loss: 1.1826317310333252
Epoch: [9/100], Step: [500/765], Loss: 0.4744006097316742
Epoch: [9/100], Step: [600/765], Loss: 2.4036827087402344
Epoch: [9/100], Step: [700/765], Loss: 0.8170515298843384
Validation: Epoch: [9/100], mean Loss: 0.9333760142326355, last loss:0.6942645907402039
Epoch: [10/100], Step: [100/765], Loss: 0.6831438541412354
Epoch: [10/100], Step: [200/765], Loss: 0.7616114616394043
Epoch: [10/100], Step: [300/765], Loss: 0.7867851257324219
Epoch: [10/100], Step: [400/765], Loss: 0.6662294268608093
Epoch: [10/100], Step: [500/765], Loss: 0.6032529473304749
Epoch: [10/100], Step: [600/765], Loss: 0.4599184989929199
Epoch: [10/100], Step: [700/765], Loss: 0.7571253776550293
Validation: Epoch: [10/100], mean Loss: 1.305435061454773, last loss:1.0292370319366455
Epoch: [11/100], Step: [100/765], Loss: 0.9345998167991638
Epoch: [11/100], Step: [200/765], Loss: 0.8451241850852966
Epoch: [11/100], Step: [300/765], Loss: 1.738734483718872
Epoch: [11/100], Step: [400/765], Loss: 0.9795960187911987
Epoch: [11/100], Step: [500/765], Loss: 0.7030394077301025
Epoch: [11/100], Step: [600/765], Loss: 0.6333632469177246
Epoch: [11/100], Step: [700/765], Loss: 0.7114223837852478
Validation: Epoch: [11/100], mean Loss: 1.1736271381378174, last loss:0.8174450397491455
Epoch: [12/100], Step: [100/765], Loss: 0.7479701042175293
Epoch: [12/100], Step: [200/765], Loss: 0.6015723943710327
Epoch: [12/100], Step: [300/765], Loss: 1.0146373510360718
Epoch: [12/100], Step: [400/765], Loss: 1.0597078800201416
Epoch: [12/100], Step: [500/765], Loss: 1.05338716506958
Epoch: [12/100], Step: [600/765], Loss: 1.1969456672668457
Epoch: [12/100], Step: [700/765], Loss: 0.45750999450683594
Validation: Epoch: [12/100], mean Loss: 1.0709497928619385, last loss:1.1941684484481812
Epoch: [13/100], Step: [100/765], Loss: 0.47494229674339294
Epoch: [13/100], Step: [200/765], Loss: 0.7953747510910034
Epoch: [13/100], Step: [300/765], Loss: 1.0899205207824707
Epoch: [13/100], Step: [400/765], Loss: 0.5040154457092285
Epoch: [13/100], Step: [500/765], Loss: 0.8824070692062378
Epoch: [13/100], Step: [600/765], Loss: 0.7050565481185913
Epoch: [13/100], Step: [700/765], Loss: 0.37666475772857666
Validation: Epoch: [13/100], mean Loss: 0.9718223214149475, last loss:1.1032239198684692
Epoch: [14/100], Step: [100/765], Loss: 0.8671848773956299
Epoch: [14/100], Step: [200/765], Loss: 1.3190988302230835
Epoch: [14/100], Step: [300/765], Loss: 0.9632555842399597
Epoch: [14/100], Step: [400/765], Loss: 0.3640515208244324
Epoch: [14/100], Step: [500/765], Loss: 0.755774974822998
Epoch: [14/100], Step: [600/765], Loss: 0.47371870279312134
Epoch: [14/100], Step: [700/765], Loss: 0.5173898339271545
Validation: Epoch: [14/100], mean Loss: 0.6060780882835388, last loss:0.6540327072143555
Epoch: [15/100], Step: [100/765], Loss: 0.7244324088096619
Epoch: [15/100], Step: [200/765], Loss: 0.6188477277755737
Epoch: [15/100], Step: [300/765], Loss: 0.48981112241744995
Epoch: [15/100], Step: [400/765], Loss: 0.7816149592399597
Epoch: [15/100], Step: [500/765], Loss: 0.24196717143058777
Epoch: [15/100], Step: [600/765], Loss: 0.4648028016090393
Epoch: [15/100], Step: [700/765], Loss: 0.49683523178100586
Validation: Epoch: [15/100], mean Loss: 1.2460416555404663, last loss:1.1181628704071045
Epoch: [16/100], Step: [100/765], Loss: 0.4249837100505829
Epoch: [16/100], Step: [200/765], Loss: 0.2765847444534302
Epoch: [16/100], Step: [300/765], Loss: 0.3678830564022064
Epoch: [16/100], Step: [400/765], Loss: 0.28406810760498047
Epoch: [16/100], Step: [500/765], Loss: 0.4778880774974823
Epoch: [16/100], Step: [600/765], Loss: 0.6356444954872131
Epoch: [16/100], Step: [700/765], Loss: 0.15172787010669708
Validation: Epoch: [16/100], mean Loss: 0.47277069091796875, last loss:0.32214468717575073
Epoch: [17/100], Step: [100/765], Loss: 0.31266582012176514
Epoch: [17/100], Step: [200/765], Loss: 0.8809291124343872
Epoch: [17/100], Step: [300/765], Loss: 0.40052247047424316
Epoch: [17/100], Step: [400/765], Loss: 0.3994154930114746
Epoch: [17/100], Step: [500/765], Loss: 0.3604624271392822
Epoch: [17/100], Step: [600/765], Loss: 0.4350922107696533
Epoch: [17/100], Step: [700/765], Loss: 0.4031648635864258
Validation: Epoch: [17/100], mean Loss: 0.8212834000587463, last loss:0.979602038860321
Epoch: [18/100], Step: [100/765], Loss: 0.37301772832870483
Epoch: [18/100], Step: [200/765], Loss: 0.4976920783519745
Epoch: [18/100], Step: [300/765], Loss: 0.36649954319000244
Epoch: [18/100], Step: [400/765], Loss: 0.6072235703468323
Epoch: [18/100], Step: [500/765], Loss: 0.4884464740753174
Epoch: [18/100], Step: [600/765], Loss: 0.2530411183834076
Epoch: [18/100], Step: [700/765], Loss: 0.5620762705802917
Validation: Epoch: [18/100], mean Loss: 0.6041491031646729, last loss:0.5324414968490601
Epoch: [19/100], Step: [100/765], Loss: 0.48150569200515747
Epoch: [19/100], Step: [200/765], Loss: 0.7879416346549988
Epoch: [19/100], Step: [300/765], Loss: 0.433871865272522
Epoch: [19/100], Step: [400/765], Loss: 0.5254512429237366
Epoch: [19/100], Step: [500/765], Loss: 0.854056715965271
Epoch: [19/100], Step: [600/765], Loss: 0.5246562361717224
Epoch: [19/100], Step: [700/765], Loss: 0.45197853446006775
Validation: Epoch: [19/100], mean Loss: 0.5557966232299805, last loss:0.46207350492477417
Epoch: [20/100], Step: [100/765], Loss: 0.2974185347557068
Epoch: [20/100], Step: [200/765], Loss: 1.0972007513046265
Epoch: [20/100], Step: [300/765], Loss: 0.20103463530540466
Epoch: [20/100], Step: [400/765], Loss: 0.28724294900894165
Epoch: [20/100], Step: [500/765], Loss: 0.30856800079345703
Epoch: [20/100], Step: [600/765], Loss: 0.40502747893333435
Epoch: [20/100], Step: [700/765], Loss: 0.6919695734977722
Validation: Epoch: [20/100], mean Loss: 0.34402164816856384, last loss:0.3166055381298065
Epoch: [21/100], Step: [100/765], Loss: 0.22670406103134155
Epoch: [21/100], Step: [200/765], Loss: 0.6468788385391235
Epoch: [21/100], Step: [300/765], Loss: 0.21219298243522644
Epoch: [21/100], Step: [400/765], Loss: 0.4115266799926758
Epoch: [21/100], Step: [500/765], Loss: 0.40631556510925293
Epoch: [21/100], Step: [600/765], Loss: 0.4613145589828491
Epoch: [21/100], Step: [700/765], Loss: 0.4125632047653198
Validation: Epoch: [21/100], mean Loss: 0.336029052734375, last loss:0.24507498741149902
Epoch: [22/100], Step: [100/765], Loss: 0.2692669630050659
Epoch: [22/100], Step: [200/765], Loss: 0.4636143445968628
Epoch: [22/100], Step: [300/765], Loss: 0.20321428775787354
Epoch: [22/100], Step: [400/765], Loss: 0.4502291679382324
Epoch: [22/100], Step: [500/765], Loss: 0.4681473970413208
Epoch: [22/100], Step: [600/765], Loss: 0.34282463788986206
Epoch: [22/100], Step: [700/765], Loss: 0.29995280504226685
Validation: Epoch: [22/100], mean Loss: 0.5154781937599182, last loss:0.67672199010849
Epoch: [23/100], Step: [100/765], Loss: 0.2921505570411682
Epoch: [23/100], Step: [200/765], Loss: 0.5941697955131531
Epoch: [23/100], Step: [300/765], Loss: 0.45621490478515625
Epoch: [23/100], Step: [400/765], Loss: 0.2559979557991028
Epoch: [23/100], Step: [500/765], Loss: 0.27884167432785034
Epoch: [23/100], Step: [600/765], Loss: 0.13519373536109924
Epoch: [23/100], Step: [700/765], Loss: 0.6591865420341492
Validation: Epoch: [23/100], mean Loss: 0.3669625520706177, last loss:0.37171638011932373
Epoch: [24/100], Step: [100/765], Loss: 0.36860281229019165
Epoch: [24/100], Step: [200/765], Loss: 0.4960750937461853
Epoch: [24/100], Step: [300/765], Loss: 0.32870304584503174
Epoch: [24/100], Step: [400/765], Loss: 0.18192367255687714
Epoch: [24/100], Step: [500/765], Loss: 0.3103371262550354
Epoch: [24/100], Step: [600/765], Loss: 0.2724391222000122
Epoch: [24/100], Step: [700/765], Loss: 0.16326680779457092
Validation: Epoch: [24/100], mean Loss: 0.4938719570636749, last loss:0.5110335350036621
Epoch: [25/100], Step: [100/765], Loss: 0.4635138511657715
Epoch: [25/100], Step: [200/765], Loss: 0.9932112693786621
Epoch: [25/100], Step: [300/765], Loss: 0.39850854873657227
Epoch: [25/100], Step: [400/765], Loss: 0.18334102630615234
Epoch: [25/100], Step: [500/765], Loss: 0.32929110527038574
Epoch: [25/100], Step: [600/765], Loss: 0.14664286375045776
Epoch: [25/100], Step: [700/765], Loss: 0.33450859785079956
Validation: Epoch: [25/100], mean Loss: 0.4832644760608673, last loss:0.4362993836402893
Epoch: [26/100], Step: [100/765], Loss: 0.36505669355392456
Epoch: [26/100], Step: [200/765], Loss: 0.30926716327667236
Epoch: [26/100], Step: [300/765], Loss: 0.3729703426361084
Epoch: [26/100], Step: [400/765], Loss: 0.15252022445201874
Epoch: [26/100], Step: [500/765], Loss: 0.5119485259056091
Epoch: [26/100], Step: [600/765], Loss: 0.25866836309432983
Epoch: [26/100], Step: [700/765], Loss: 0.2744295299053192
Validation: Epoch: [26/100], mean Loss: 0.3232450485229492, last loss:0.3152940571308136
Epoch: [27/100], Step: [100/765], Loss: 0.31331607699394226
Epoch: [27/100], Step: [200/765], Loss: 0.2073369324207306
Epoch: [27/100], Step: [300/765], Loss: 0.25437140464782715
Epoch: [27/100], Step: [400/765], Loss: 0.29604077339172363
Epoch: [27/100], Step: [500/765], Loss: 0.2122381627559662
Epoch: [27/100], Step: [600/765], Loss: 0.2626871168613434
Epoch: [27/100], Step: [700/765], Loss: 0.5012849569320679
Validation: Epoch: [27/100], mean Loss: 0.31772536039352417, last loss:0.26959437131881714
Epoch: [28/100], Step: [100/765], Loss: 0.18124143779277802
Epoch: [28/100], Step: [200/765], Loss: 0.7674660086631775
Epoch: [28/100], Step: [300/765], Loss: 0.14301802217960358
Epoch: [28/100], Step: [400/765], Loss: 0.12033246457576752
Epoch: [28/100], Step: [500/765], Loss: 0.20653240382671356
Epoch: [28/100], Step: [600/765], Loss: 0.9578527212142944
Epoch: [28/100], Step: [700/765], Loss: 0.2706218957901001
Validation: Epoch: [28/100], mean Loss: 0.4074690043926239, last loss:0.4625729024410248
Epoch: [29/100], Step: [100/765], Loss: 0.22241491079330444
Epoch: [29/100], Step: [200/765], Loss: 0.2320844829082489
Epoch: [29/100], Step: [300/765], Loss: 0.24290727078914642
Epoch: [29/100], Step: [400/765], Loss: 0.2829388380050659
Epoch: [29/100], Step: [500/765], Loss: 0.5814191102981567
Epoch: [29/100], Step: [600/765], Loss: 0.19637322425842285
Epoch: [29/100], Step: [700/765], Loss: 0.2858808934688568
Validation: Epoch: [29/100], mean Loss: 0.3237943947315216, last loss:0.39815887808799744
Epoch: [30/100], Step: [100/765], Loss: 0.20624946057796478
Epoch: [30/100], Step: [200/765], Loss: 0.2528199553489685
Epoch: [30/100], Step: [300/765], Loss: 0.3243127763271332
Epoch: [30/100], Step: [400/765], Loss: 0.3585750460624695
Epoch: [30/100], Step: [500/765], Loss: 0.3604884743690491
Epoch: [30/100], Step: [600/765], Loss: 0.3559013605117798
Epoch: [30/100], Step: [700/765], Loss: 0.34350430965423584
Validation: Epoch: [30/100], mean Loss: 0.3027791678905487, last loss:0.263702929019928
Epoch: [31/100], Step: [100/765], Loss: 0.3977545201778412
Epoch: [31/100], Step: [200/765], Loss: 0.24077525734901428
Epoch: [31/100], Step: [300/765], Loss: 0.1713831126689911
Epoch: [31/100], Step: [400/765], Loss: 0.2642894685268402
Epoch: [31/100], Step: [500/765], Loss: 0.1853976547718048
Epoch: [31/100], Step: [600/765], Loss: 0.2386322021484375
Epoch: [31/100], Step: [700/765], Loss: 0.2260715365409851
Validation: Epoch: [31/100], mean Loss: 0.3399454653263092, last loss:0.37356680631637573
Epoch: [32/100], Step: [100/765], Loss: 0.13225442171096802
Epoch: [32/100], Step: [200/765], Loss: 0.36540254950523376
Epoch: [32/100], Step: [300/765], Loss: 0.39014434814453125
Epoch: [32/100], Step: [400/765], Loss: 0.48517507314682007
Epoch: [32/100], Step: [500/765], Loss: 0.17356108129024506
Epoch: [32/100], Step: [600/765], Loss: 0.3827023506164551
Epoch: [32/100], Step: [700/765], Loss: 0.34075045585632324
Validation: Epoch: [32/100], mean Loss: 0.2896159887313843, last loss:0.26004013419151306
Epoch: [33/100], Step: [100/765], Loss: 0.32993483543395996
Epoch: [33/100], Step: [200/765], Loss: 0.15844368934631348
Epoch: [33/100], Step: [300/765], Loss: 0.13438573479652405
Epoch: [33/100], Step: [400/765], Loss: 0.2558082342147827
Epoch: [33/100], Step: [500/765], Loss: 0.20430658757686615
Epoch: [33/100], Step: [600/765], Loss: 0.2933126986026764
Epoch: [33/100], Step: [700/765], Loss: 0.3183268904685974
Validation: Epoch: [33/100], mean Loss: 0.34033218026161194, last loss:0.40895146131515503
Epoch: [34/100], Step: [100/765], Loss: 0.22254949808120728
Epoch: [34/100], Step: [200/765], Loss: 0.17014989256858826
Epoch: [34/100], Step: [300/765], Loss: 0.15568110346794128
Epoch: [34/100], Step: [400/765], Loss: 0.16235487163066864
Epoch: [34/100], Step: [500/765], Loss: 0.24742341041564941
Epoch: [34/100], Step: [600/765], Loss: 0.3175785541534424
Epoch: [34/100], Step: [700/765], Loss: 0.33589968085289
Validation: Epoch: [34/100], mean Loss: 0.22195202112197876, last loss:0.2575097978115082
Epoch: [35/100], Step: [100/765], Loss: 0.5528504252433777
Epoch: [35/100], Step: [200/765], Loss: 0.17128828167915344
Epoch: [35/100], Step: [300/765], Loss: 0.31623145937919617
Epoch: [35/100], Step: [400/765], Loss: 0.27818048000335693
Epoch: [35/100], Step: [500/765], Loss: 0.37574881315231323
Epoch: [35/100], Step: [600/765], Loss: 0.21557877957820892
Epoch: [35/100], Step: [700/765], Loss: 0.19106444716453552
Validation: Epoch: [35/100], mean Loss: 0.3107791841030121, last loss:0.3389493227005005
Epoch: [36/100], Step: [100/765], Loss: 0.17186973989009857
Epoch: [36/100], Step: [200/765], Loss: 0.2247634381055832
Epoch: [36/100], Step: [300/765], Loss: 0.32509028911590576
Epoch: [36/100], Step: [400/765], Loss: 0.262131929397583
Epoch: [36/100], Step: [500/765], Loss: 0.23816721141338348
Epoch: [36/100], Step: [600/765], Loss: 0.20507502555847168
Epoch: [36/100], Step: [700/765], Loss: 0.21575932204723358
Validation: Epoch: [36/100], mean Loss: 0.26661282777786255, last loss:0.21947109699249268
Epoch: [37/100], Step: [100/765], Loss: 0.16602937877178192
Epoch: [37/100], Step: [200/765], Loss: 0.1650765985250473
Epoch: [37/100], Step: [300/765], Loss: 0.27183279395103455
Epoch: [37/100], Step: [400/765], Loss: 0.255999892950058
Epoch: [37/100], Step: [500/765], Loss: 0.2481233924627304
Epoch: [37/100], Step: [600/765], Loss: 0.26566800475120544
Epoch: [37/100], Step: [700/765], Loss: 0.11819297075271606
Validation: Epoch: [37/100], mean Loss: 0.26778560876846313, last loss:0.23432642221450806
Epoch: [38/100], Step: [100/765], Loss: 0.17260169982910156
Epoch: [38/100], Step: [200/765], Loss: 0.1895366609096527
Epoch: [38/100], Step: [300/765], Loss: 0.18315204977989197
Epoch: [38/100], Step: [400/765], Loss: 0.08943291753530502
Epoch: [38/100], Step: [500/765], Loss: 0.05712825804948807
Epoch: [38/100], Step: [600/765], Loss: 0.17288486659526825
Epoch: [38/100], Step: [700/765], Loss: 0.26418137550354004
Validation: Epoch: [38/100], mean Loss: 0.1988268792629242, last loss:0.1844525784254074
Epoch: [39/100], Step: [100/765], Loss: 0.27750539779663086
Epoch: [39/100], Step: [200/765], Loss: 0.27165696024894714
Epoch: [39/100], Step: [300/765], Loss: 0.25116369128227234
Epoch: [39/100], Step: [400/765], Loss: 0.10502195358276367
Epoch: [39/100], Step: [500/765], Loss: 0.17883162200450897
Epoch: [39/100], Step: [600/765], Loss: 0.22225338220596313
Epoch: [39/100], Step: [700/765], Loss: 0.3405345678329468
Validation: Epoch: [39/100], mean Loss: 0.23324601352214813, last loss:0.31729766726493835
Epoch: [40/100], Step: [100/765], Loss: 0.14111852645874023
Epoch: [40/100], Step: [200/765], Loss: 0.15041878819465637
Epoch: [40/100], Step: [300/765], Loss: 0.15977589786052704
Epoch: [40/100], Step: [400/765], Loss: 0.27104753255844116
Epoch: [40/100], Step: [500/765], Loss: 0.16645196080207825
Epoch: [40/100], Step: [600/765], Loss: 0.14683036506175995
Epoch: [40/100], Step: [700/765], Loss: 0.18300864100456238
Validation: Epoch: [40/100], mean Loss: 0.4206852614879608, last loss:0.447529137134552
Epoch: [41/100], Step: [100/765], Loss: 0.20080065727233887
Epoch: [41/100], Step: [200/765], Loss: 0.18724916875362396
Epoch: [41/100], Step: [300/765], Loss: 0.7255725860595703
Epoch: [41/100], Step: [400/765], Loss: 0.1913403570652008
Epoch: [41/100], Step: [500/765], Loss: 0.27314701676368713
Epoch: [41/100], Step: [600/765], Loss: 0.15001294016838074
Epoch: [41/100], Step: [700/765], Loss: 0.26625150442123413
Validation: Epoch: [41/100], mean Loss: 0.253824383020401, last loss:0.2852814793586731
Epoch: [42/100], Step: [100/765], Loss: 0.2533172369003296
Epoch: [42/100], Step: [200/765], Loss: 0.30300241708755493
Epoch: [42/100], Step: [300/765], Loss: 0.3078771233558655
Epoch: [42/100], Step: [400/765], Loss: 0.16019564867019653
Epoch: [42/100], Step: [500/765], Loss: 0.25158530473709106
Epoch: [42/100], Step: [600/765], Loss: 0.214727520942688
Epoch: [42/100], Step: [700/765], Loss: 0.1763347089290619
Validation: Epoch: [42/100], mean Loss: 0.20378874242305756, last loss:0.27238917350769043
Epoch: [43/100], Step: [100/765], Loss: 0.24874648451805115
Epoch: [43/100], Step: [200/765], Loss: 0.0959966629743576
Epoch: [43/100], Step: [300/765], Loss: 0.2263857126235962
Epoch: [43/100], Step: [400/765], Loss: 0.19803635776042938
Epoch: [43/100], Step: [500/765], Loss: 0.3739725351333618
Epoch: [43/100], Step: [600/765], Loss: 0.26678240299224854
Epoch: [43/100], Step: [700/765], Loss: 0.16482987999916077
Validation: Epoch: [43/100], mean Loss: 0.24056920409202576, last loss:0.27978113293647766
Epoch: [44/100], Step: [100/765], Loss: 0.19488927721977234
Epoch: [44/100], Step: [200/765], Loss: 0.2308053970336914
Epoch: [44/100], Step: [300/765], Loss: 0.14992274343967438
Epoch: [44/100], Step: [400/765], Loss: 0.2297556847333908
Epoch: [44/100], Step: [500/765], Loss: 0.13195672631263733
Epoch: [44/100], Step: [600/765], Loss: 0.16525980830192566
Epoch: [44/100], Step: [700/765], Loss: 0.19320711493492126
Validation: Epoch: [44/100], mean Loss: 0.17558640241622925, last loss:0.23827366530895233
Epoch: [45/100], Step: [100/765], Loss: 0.21180519461631775
Epoch: [45/100], Step: [200/765], Loss: 0.27209392189979553
Epoch: [45/100], Step: [300/765], Loss: 0.19666068255901337
Epoch: [45/100], Step: [400/765], Loss: 0.21527022123336792
Epoch: [45/100], Step: [500/765], Loss: 0.1233789473772049
Epoch: [45/100], Step: [600/765], Loss: 0.12965045869350433
Epoch: [45/100], Step: [700/765], Loss: 0.17733600735664368
Validation: Epoch: [45/100], mean Loss: 0.3986741006374359, last loss:0.432984322309494
Epoch: [46/100], Step: [100/765], Loss: 0.3241027593612671
Epoch: [46/100], Step: [200/765], Loss: 0.08775588870048523
Epoch: [46/100], Step: [300/765], Loss: 0.13403691351413727
Epoch: [46/100], Step: [400/765], Loss: 0.18990090489387512
Epoch: [46/100], Step: [500/765], Loss: 0.30456840991973877
Epoch: [46/100], Step: [600/765], Loss: 0.15356414020061493
Epoch: [46/100], Step: [700/765], Loss: 0.3080274760723114
Validation: Epoch: [46/100], mean Loss: 0.22359280288219452, last loss:0.27638736367225647
Epoch: [47/100], Step: [100/765], Loss: 0.17239712178707123
Epoch: [47/100], Step: [200/765], Loss: 0.2576185464859009
Epoch: [47/100], Step: [300/765], Loss: 0.18483875691890717
Epoch: [47/100], Step: [400/765], Loss: 0.18115508556365967
Epoch: [47/100], Step: [500/765], Loss: 0.15088516473770142
Epoch: [47/100], Step: [600/765], Loss: 0.16925343871116638
Epoch: [47/100], Step: [700/765], Loss: 0.2490287721157074
Validation: Epoch: [47/100], mean Loss: 0.44925716519355774, last loss:0.4329221248626709
Epoch: [48/100], Step: [100/765], Loss: 0.3221936523914337
Epoch: [48/100], Step: [200/765], Loss: 0.12108834832906723
Epoch: [48/100], Step: [300/765], Loss: 0.23325565457344055
Epoch: [48/100], Step: [400/765], Loss: 0.20955932140350342
Epoch: [48/100], Step: [500/765], Loss: 0.24529215693473816
Epoch: [48/100], Step: [600/765], Loss: 0.17694377899169922
Epoch: [48/100], Step: [700/765], Loss: 0.25258344411849976
Validation: Epoch: [48/100], mean Loss: 0.2988664209842682, last loss:0.4432468116283417
Epoch: [49/100], Step: [100/765], Loss: 0.18711166083812714
Epoch: [49/100], Step: [200/765], Loss: 0.14152096211910248
Epoch: [49/100], Step: [300/765], Loss: 0.10034298896789551
Epoch: [49/100], Step: [400/765], Loss: 0.05626610666513443
Epoch: [49/100], Step: [500/765], Loss: 0.11284530162811279
Epoch: [49/100], Step: [600/765], Loss: 0.28296422958374023
Epoch: [49/100], Step: [700/765], Loss: 0.3008855879306793
Validation: Epoch: [49/100], mean Loss: 0.17426012456417084, last loss:0.18510913848876953
Epoch: [50/100], Step: [100/765], Loss: 0.0818554013967514
Epoch: [50/100], Step: [200/765], Loss: 0.11391009390354156
Epoch: [50/100], Step: [300/765], Loss: 0.1997687667608261
Epoch: [50/100], Step: [400/765], Loss: 0.1909034550189972
Epoch: [50/100], Step: [500/765], Loss: 0.14215409755706787
Epoch: [50/100], Step: [600/765], Loss: 0.10272829234600067
Epoch: [50/100], Step: [700/765], Loss: 0.1872168779373169
Validation: Epoch: [50/100], mean Loss: 0.19402925670146942, last loss:0.1580614298582077
Epoch: [51/100], Step: [100/765], Loss: 0.24882623553276062
Epoch: [51/100], Step: [200/765], Loss: 0.18900606036186218
Epoch: [51/100], Step: [300/765], Loss: 0.13309603929519653
Epoch: [51/100], Step: [400/765], Loss: 0.14024916291236877
Epoch: [51/100], Step: [500/765], Loss: 0.11636815965175629
Epoch: [51/100], Step: [600/765], Loss: 0.1588229238986969
Epoch: [51/100], Step: [700/765], Loss: 0.1211860403418541
Validation: Epoch: [51/100], mean Loss: 0.16037389636039734, last loss:0.17692622542381287
Epoch: [52/100], Step: [100/765], Loss: 0.2701703906059265
Epoch: [52/100], Step: [200/765], Loss: 0.11743508279323578
Epoch: [52/100], Step: [300/765], Loss: 0.1427256166934967
Epoch: [52/100], Step: [400/765], Loss: 0.2122475802898407
Epoch: [52/100], Step: [500/765], Loss: 0.1421046406030655
Epoch: [52/100], Step: [600/765], Loss: 0.12041567265987396
Epoch: [52/100], Step: [700/765], Loss: 0.18820026516914368
Validation: Epoch: [52/100], mean Loss: 0.22747394442558289, last loss:0.2021779865026474
Epoch: [53/100], Step: [100/765], Loss: 0.1389792114496231
Epoch: [53/100], Step: [200/765], Loss: 0.15484865009784698
Epoch: [53/100], Step: [300/765], Loss: 0.054314419627189636
Epoch: [53/100], Step: [400/765], Loss: 0.1613328605890274
Epoch: [53/100], Step: [500/765], Loss: 0.1476944237947464
Epoch: [53/100], Step: [600/765], Loss: 0.13312068581581116
Epoch: [53/100], Step: [700/765], Loss: 0.20421843230724335
Validation: Epoch: [53/100], mean Loss: 0.18999290466308594, last loss:0.2079692780971527
Epoch: [54/100], Step: [100/765], Loss: 0.08627218008041382
Epoch: [54/100], Step: [200/765], Loss: 0.08298243582248688
Epoch: [54/100], Step: [300/765], Loss: 0.17545214295387268
Epoch: [54/100], Step: [400/765], Loss: 0.15289895236492157
Epoch: [54/100], Step: [500/765], Loss: 0.17700444161891937
Epoch: [54/100], Step: [600/765], Loss: 0.27532321214675903
Epoch: [54/100], Step: [700/765], Loss: 0.08633890002965927
Validation: Epoch: [54/100], mean Loss: 0.169550821185112, last loss:0.17522041499614716
Epoch: [55/100], Step: [100/765], Loss: 0.18383006751537323
Epoch: [55/100], Step: [200/765], Loss: 0.15420886874198914
Epoch: [55/100], Step: [300/765], Loss: 0.14852659404277802
Epoch: [55/100], Step: [400/765], Loss: 0.25508469343185425
Epoch: [55/100], Step: [500/765], Loss: 0.20470523834228516
Epoch: [55/100], Step: [600/765], Loss: 0.12203031778335571
Epoch: [55/100], Step: [700/765], Loss: 0.13597533106803894
Validation: Epoch: [55/100], mean Loss: 0.20791678130626678, last loss:0.2381434440612793
Epoch: [56/100], Step: [100/765], Loss: 0.0674625039100647
Epoch: [56/100], Step: [200/765], Loss: 0.11286609619855881
Epoch: [56/100], Step: [300/765], Loss: 0.1677570343017578
Epoch: [56/100], Step: [400/765], Loss: 0.15842866897583008
Epoch: [56/100], Step: [500/765], Loss: 0.09036529064178467
Epoch: [56/100], Step: [600/765], Loss: 0.13317495584487915
Epoch: [56/100], Step: [700/765], Loss: 0.5478625893592834
Validation: Epoch: [56/100], mean Loss: 0.14602787792682648, last loss:0.15219829976558685
Epoch: [57/100], Step: [100/765], Loss: 0.15662987530231476
Epoch: [57/100], Step: [200/765], Loss: 0.13078930974006653
Epoch: [57/100], Step: [300/765], Loss: 0.2144542783498764
Epoch: [57/100], Step: [400/765], Loss: 0.05864253640174866
Epoch: [57/100], Step: [500/765], Loss: 0.09118348360061646
Epoch: [57/100], Step: [600/765], Loss: 0.18815991282463074
Epoch: [57/100], Step: [700/765], Loss: 0.16901478171348572
Validation: Epoch: [57/100], mean Loss: 0.1434318572282791, last loss:0.12199407070875168
Epoch: [58/100], Step: [100/765], Loss: 0.1000281423330307
Epoch: [58/100], Step: [200/765], Loss: 0.11037685722112656
Epoch: [58/100], Step: [300/765], Loss: 0.044777318835258484
Epoch: [58/100], Step: [400/765], Loss: 0.3524784445762634
Epoch: [58/100], Step: [500/765], Loss: 0.12509915232658386
Epoch: [58/100], Step: [600/765], Loss: 0.12490297853946686
Epoch: [58/100], Step: [700/765], Loss: 0.1176740974187851
Validation: Epoch: [58/100], mean Loss: 0.195677250623703, last loss:0.204840749502182
Epoch: [59/100], Step: [100/765], Loss: 0.14952078461647034
Epoch: [59/100], Step: [200/765], Loss: 0.112248495221138
Epoch: [59/100], Step: [300/765], Loss: 0.14055104553699493
Epoch: [59/100], Step: [400/765], Loss: 0.1623515784740448
Epoch: [59/100], Step: [500/765], Loss: 0.1076488196849823
Epoch: [59/100], Step: [600/765], Loss: 0.11589953303337097
Epoch: [59/100], Step: [700/765], Loss: 0.0932464748620987
Validation: Epoch: [59/100], mean Loss: 0.18642191588878632, last loss:0.17598697543144226
Epoch: [60/100], Step: [100/765], Loss: 0.13531452417373657
Epoch: [60/100], Step: [200/765], Loss: 0.23276083171367645
Epoch: [60/100], Step: [300/765], Loss: 0.23256227374076843
Epoch: [60/100], Step: [400/765], Loss: 0.15011443197727203
Epoch: [60/100], Step: [500/765], Loss: 0.06792475283145905
Epoch: [60/100], Step: [600/765], Loss: 0.4138948321342468
Epoch: [60/100], Step: [700/765], Loss: 0.15385080873966217
Validation: Epoch: [60/100], mean Loss: 0.14901421964168549, last loss:0.09410953521728516
Epoch: [61/100], Step: [100/765], Loss: 0.07384812831878662
Epoch: [61/100], Step: [200/765], Loss: 0.2597375512123108
Epoch: [61/100], Step: [300/765], Loss: 0.08487524092197418
Epoch: [61/100], Step: [400/765], Loss: 0.12492865324020386
Epoch: [61/100], Step: [500/765], Loss: 0.1350337415933609
Epoch: [61/100], Step: [600/765], Loss: 0.09601446986198425
Epoch: [61/100], Step: [700/765], Loss: 0.11754109710454941
Validation: Epoch: [61/100], mean Loss: 0.15155267715454102, last loss:0.13963857293128967
Epoch: [62/100], Step: [100/765], Loss: 0.10541781038045883
Epoch: [62/100], Step: [200/765], Loss: 0.12541472911834717
Epoch: [62/100], Step: [300/765], Loss: 0.10354708135128021
Epoch: [62/100], Step: [400/765], Loss: 0.24082466959953308
Epoch: [62/100], Step: [500/765], Loss: 0.17642979323863983
Epoch: [62/100], Step: [600/765], Loss: 0.2004837840795517
Epoch: [62/100], Step: [700/765], Loss: 0.08951050043106079
Validation: Epoch: [62/100], mean Loss: 0.2186177521944046, last loss:0.2617436349391937
Epoch: [63/100], Step: [100/765], Loss: 0.15012536942958832
Epoch: [63/100], Step: [200/765], Loss: 0.06553541123867035
Epoch: [63/100], Step: [300/765], Loss: 0.2844778001308441
Epoch: [63/100], Step: [400/765], Loss: 0.1983546018600464
Epoch: [63/100], Step: [500/765], Loss: 0.12345539033412933
Epoch: [63/100], Step: [600/765], Loss: 0.05438964068889618
Epoch: [63/100], Step: [700/765], Loss: 0.21391193568706512
Validation: Epoch: [63/100], mean Loss: 0.16003979742527008, last loss:0.2041705846786499
Epoch: [64/100], Step: [100/765], Loss: 0.07021947205066681
Epoch: [64/100], Step: [200/765], Loss: 0.13849221169948578
Epoch: [64/100], Step: [300/765], Loss: 0.16701245307922363
Epoch: [64/100], Step: [400/765], Loss: 0.1355752944946289
Epoch: [64/100], Step: [500/765], Loss: 0.1952514350414276
Epoch: [64/100], Step: [600/765], Loss: 0.14621691405773163
Epoch: [64/100], Step: [700/765], Loss: 0.16563579440116882
Validation: Epoch: [64/100], mean Loss: 0.13711601495742798, last loss:0.14287064969539642
Epoch: [65/100], Step: [100/765], Loss: 0.13555119931697845
Epoch: [65/100], Step: [200/765], Loss: 0.13572107255458832
Epoch: [65/100], Step: [300/765], Loss: 0.0979081243276596
Epoch: [65/100], Step: [400/765], Loss: 0.13377511501312256
Epoch: [65/100], Step: [500/765], Loss: 0.09803645312786102
Epoch: [65/100], Step: [600/765], Loss: 0.11671527475118637
Epoch: [65/100], Step: [700/765], Loss: 0.09866763651371002
Validation: Epoch: [65/100], mean Loss: 0.134328693151474, last loss:0.17685720324516296
Epoch: [66/100], Step: [100/765], Loss: 0.2812463641166687
Epoch: [66/100], Step: [200/765], Loss: 0.09349963068962097
Epoch: [66/100], Step: [300/765], Loss: 0.15676788985729218
Epoch: [66/100], Step: [400/765], Loss: 0.07765829563140869
Epoch: [66/100], Step: [500/765], Loss: 0.24629198014736176
Epoch: [66/100], Step: [600/765], Loss: 0.050672587007284164
Epoch: [66/100], Step: [700/765], Loss: 0.10613110661506653
Validation: Epoch: [66/100], mean Loss: 0.13986791670322418, last loss:0.12929785251617432
Epoch: [67/100], Step: [100/765], Loss: 0.21968971192836761
Epoch: [67/100], Step: [200/765], Loss: 0.12834933400154114
Epoch: [67/100], Step: [300/765], Loss: 0.1139034777879715
Epoch: [67/100], Step: [400/765], Loss: 0.10865464806556702
Epoch: [67/100], Step: [500/765], Loss: 0.13839875161647797
Epoch: [67/100], Step: [600/765], Loss: 0.11097550392150879
Epoch: [67/100], Step: [700/765], Loss: 0.11878636479377747
Validation: Epoch: [67/100], mean Loss: 0.16220314800739288, last loss:0.16632980108261108
Epoch: [68/100], Step: [100/765], Loss: 0.10760854929685593
Epoch: [68/100], Step: [200/765], Loss: 0.17970481514930725
Epoch: [68/100], Step: [300/765], Loss: 0.1250469982624054
Epoch: [68/100], Step: [400/765], Loss: 0.08734556287527084
Epoch: [68/100], Step: [500/765], Loss: 0.19895248115062714
Epoch: [68/100], Step: [600/765], Loss: 0.21948187053203583
Epoch: [68/100], Step: [700/765], Loss: 0.15643201768398285
Validation: Epoch: [68/100], mean Loss: 0.14273761212825775, last loss:0.1040865033864975
Epoch: [69/100], Step: [100/765], Loss: 0.13690635561943054
Epoch: [69/100], Step: [200/765], Loss: 0.13642069697380066
Epoch: [69/100], Step: [300/765], Loss: 0.19709424674510956
Epoch: [69/100], Step: [400/765], Loss: 0.10582645237445831
Epoch: [69/100], Step: [500/765], Loss: 0.16595178842544556
Epoch: [69/100], Step: [600/765], Loss: 0.08522267639636993
Epoch: [69/100], Step: [700/765], Loss: 0.0575992614030838
Validation: Epoch: [69/100], mean Loss: 0.13459992408752441, last loss:0.1844712197780609
Epoch: [70/100], Step: [100/765], Loss: 0.10223674774169922
Epoch: [70/100], Step: [200/765], Loss: 0.15998786687850952
Epoch: [70/100], Step: [300/765], Loss: 0.2079802006483078
Epoch: [70/100], Step: [400/765], Loss: 0.19808408617973328
Epoch: [70/100], Step: [500/765], Loss: 0.24803964793682098
Epoch: [70/100], Step: [600/765], Loss: 0.11774350702762604
Epoch: [70/100], Step: [700/765], Loss: 0.14112573862075806
Validation: Epoch: [70/100], mean Loss: 0.20874398946762085, last loss:0.2216746211051941
Epoch: [71/100], Step: [100/765], Loss: 0.07507746666669846
Epoch: [71/100], Step: [200/765], Loss: 0.19669345021247864
Epoch: [71/100], Step: [300/765], Loss: 0.1735072135925293
Epoch: [71/100], Step: [400/765], Loss: 0.15058694779872894
Epoch: [71/100], Step: [500/765], Loss: 0.11297087371349335
Epoch: [71/100], Step: [600/765], Loss: 0.0753791481256485
Epoch: [71/100], Step: [700/765], Loss: 0.12278638780117035
Validation: Epoch: [71/100], mean Loss: 0.11393740028142929, last loss:0.13220950961112976
Epoch: [72/100], Step: [100/765], Loss: 0.13456419110298157
Epoch: [72/100], Step: [200/765], Loss: 0.13623180985450745
Epoch: [72/100], Step: [300/765], Loss: 0.10016562789678574
Epoch: [72/100], Step: [400/765], Loss: 0.06363242119550705
Epoch: [72/100], Step: [500/765], Loss: 0.10133035480976105
Epoch: [72/100], Step: [600/765], Loss: 0.13826774060726166
Epoch: [72/100], Step: [700/765], Loss: 0.10632357001304626
Validation: Epoch: [72/100], mean Loss: 0.15305399894714355, last loss:0.20023290812969208
Epoch: [73/100], Step: [100/765], Loss: 0.2641756534576416
Epoch: [73/100], Step: [200/765], Loss: 0.07976706326007843
Epoch: [73/100], Step: [300/765], Loss: 0.18069279193878174
Epoch: [73/100], Step: [400/765], Loss: 0.1655280590057373
Epoch: [73/100], Step: [500/765], Loss: 0.26732006669044495
Epoch: [73/100], Step: [600/765], Loss: 0.09310700744390488
Epoch: [73/100], Step: [700/765], Loss: 0.14768896996974945
Validation: Epoch: [73/100], mean Loss: 0.11040037125349045, last loss:0.0919928252696991
Epoch: [74/100], Step: [100/765], Loss: 0.10984452813863754
Epoch: [74/100], Step: [200/765], Loss: 0.17705410718917847
Epoch: [74/100], Step: [300/765], Loss: 0.060940515249967575
Epoch: [74/100], Step: [400/765], Loss: 0.14427419006824493
Epoch: [74/100], Step: [500/765], Loss: 0.09527041018009186
Epoch: [74/100], Step: [600/765], Loss: 0.07420139759778976
Epoch: [74/100], Step: [700/765], Loss: 0.21809443831443787
Validation: Epoch: [74/100], mean Loss: 0.16748623549938202, last loss:0.20106187462806702
Epoch: [75/100], Step: [100/765], Loss: 0.08409720659255981
Epoch: [75/100], Step: [200/765], Loss: 0.06627121567726135
Epoch: [75/100], Step: [300/765], Loss: 0.06390494108200073
Epoch: [75/100], Step: [400/765], Loss: 0.1326364427804947
Epoch: [75/100], Step: [500/765], Loss: 0.11074592173099518
Epoch: [75/100], Step: [600/765], Loss: 0.058308154344558716
Epoch: [75/100], Step: [700/765], Loss: 0.12051241099834442
Validation: Epoch: [75/100], mean Loss: 0.13399581611156464, last loss:0.13186711072921753
Epoch: [76/100], Step: [100/765], Loss: 0.061636488884687424
Epoch: [76/100], Step: [200/765], Loss: 0.09065431356430054
Epoch: [76/100], Step: [300/765], Loss: 0.11769487708806992
Epoch: [76/100], Step: [400/765], Loss: 0.10468410700559616
Epoch: [76/100], Step: [500/765], Loss: 0.11652646958827972
Epoch: [76/100], Step: [600/765], Loss: 0.09538693726062775
Epoch: [76/100], Step: [700/765], Loss: 0.23569074273109436
Validation: Epoch: [76/100], mean Loss: 0.11821389943361282, last loss:0.14344380795955658
Epoch: [77/100], Step: [100/765], Loss: 0.09216003119945526
Epoch: [77/100], Step: [200/765], Loss: 0.11301174014806747
Epoch: [77/100], Step: [300/765], Loss: 0.14252004027366638
Epoch: [77/100], Step: [400/765], Loss: 0.07803303003311157
Epoch: [77/100], Step: [500/765], Loss: 0.1582309752702713
Epoch: [77/100], Step: [600/765], Loss: 0.106256864964962
Epoch: [77/100], Step: [700/765], Loss: 0.11376923322677612
Validation: Epoch: [77/100], mean Loss: 0.10274116694927216, last loss:0.11291836947202682
Epoch: [78/100], Step: [100/765], Loss: 0.24817930161952972
Epoch: [78/100], Step: [200/765], Loss: 0.1071101576089859
Epoch: [78/100], Step: [300/765], Loss: 0.11367051303386688
Epoch: [78/100], Step: [400/765], Loss: 0.16694584488868713
Epoch: [78/100], Step: [500/765], Loss: 0.12093430012464523
Epoch: [78/100], Step: [600/765], Loss: 0.12471040338277817
Epoch: [78/100], Step: [700/765], Loss: 0.16213542222976685
Validation: Epoch: [78/100], mean Loss: 0.16044695675373077, last loss:0.19800400733947754
Epoch: [79/100], Step: [100/765], Loss: 0.08665873855352402
Epoch: [79/100], Step: [200/765], Loss: 0.09841646999120712
Epoch: [79/100], Step: [300/765], Loss: 0.09444230794906616
Epoch: [79/100], Step: [400/765], Loss: 0.08606579154729843
Epoch: [79/100], Step: [500/765], Loss: 0.07071283459663391
Epoch: [79/100], Step: [600/765], Loss: 0.11406274884939194
Epoch: [79/100], Step: [700/765], Loss: 0.08993956446647644
Validation: Epoch: [79/100], mean Loss: 0.11792049556970596, last loss:0.10187476873397827
Epoch: [80/100], Step: [100/765], Loss: 0.1050957590341568
Epoch: [80/100], Step: [200/765], Loss: 0.15709523856639862
Epoch: [80/100], Step: [300/765], Loss: 0.055854156613349915
Epoch: [80/100], Step: [400/765], Loss: 0.19749228656291962
Epoch: [80/100], Step: [500/765], Loss: 0.1141081154346466
Epoch: [80/100], Step: [600/765], Loss: 0.11627497524023056
Epoch: [80/100], Step: [700/765], Loss: 0.2803669571876526
Validation: Epoch: [80/100], mean Loss: 0.09674070030450821, last loss:0.08326306939125061
Epoch: [81/100], Step: [100/765], Loss: 0.2542411983013153
Epoch: [81/100], Step: [200/765], Loss: 0.08705952018499374
Epoch: [81/100], Step: [300/765], Loss: 0.10538949817419052
Epoch: [81/100], Step: [400/765], Loss: 0.13256052136421204
Epoch: [81/100], Step: [500/765], Loss: 0.20776796340942383
Epoch: [81/100], Step: [600/765], Loss: 0.0747111588716507
Epoch: [81/100], Step: [700/765], Loss: 0.07517383992671967
Validation: Epoch: [81/100], mean Loss: 0.1216144785284996, last loss:0.13517436385154724
Epoch: [82/100], Step: [100/765], Loss: 0.09143786877393723
Epoch: [82/100], Step: [200/765], Loss: 0.06854164600372314
Epoch: [82/100], Step: [300/765], Loss: 0.12391620874404907
Epoch: [82/100], Step: [400/765], Loss: 0.08865931630134583
Epoch: [82/100], Step: [500/765], Loss: 0.09166716784238815
Epoch: [82/100], Step: [600/765], Loss: 0.14046363532543182
Epoch: [82/100], Step: [700/765], Loss: 0.1164189875125885
Validation: Epoch: [82/100], mean Loss: 0.10969658941030502, last loss:0.08527138084173203
Epoch: [83/100], Step: [100/765], Loss: 0.05310317873954773
Epoch: [83/100], Step: [200/765], Loss: 0.22490720450878143
Epoch: [83/100], Step: [300/765], Loss: 0.14784637093544006
Epoch: [83/100], Step: [400/765], Loss: 0.06215383857488632
Epoch: [83/100], Step: [500/765], Loss: 0.10694357752799988
Epoch: [83/100], Step: [600/765], Loss: 0.09159786999225616
Epoch: [83/100], Step: [700/765], Loss: 0.13849613070487976
Validation: Epoch: [83/100], mean Loss: 0.12074931710958481, last loss:0.1393211930990219
Epoch: [84/100], Step: [100/765], Loss: 0.13642537593841553
Epoch: [84/100], Step: [200/765], Loss: 0.08714057505130768
Epoch: [84/100], Step: [300/765], Loss: 0.11142855882644653
Epoch: [84/100], Step: [400/765], Loss: 0.087680384516716
Epoch: [84/100], Step: [500/765], Loss: 0.09456121176481247
Epoch: [84/100], Step: [600/765], Loss: 0.05435081943869591
Epoch: [84/100], Step: [700/765], Loss: 0.16280969977378845
Validation: Epoch: [84/100], mean Loss: 0.12228850275278091, last loss:0.12149839103221893
Epoch: [85/100], Step: [100/765], Loss: 0.05246803164482117
Epoch: [85/100], Step: [200/765], Loss: 0.18290144205093384
Epoch: [85/100], Step: [300/765], Loss: 0.09457159042358398
Epoch: [85/100], Step: [400/765], Loss: 0.14198994636535645
Epoch: [85/100], Step: [500/765], Loss: 0.14530079066753387
Epoch: [85/100], Step: [600/765], Loss: 0.11891629546880722
Epoch: [85/100], Step: [700/765], Loss: 0.058768924325704575
Validation: Epoch: [85/100], mean Loss: 0.1178290918469429, last loss:0.11705508083105087
Epoch: [86/100], Step: [100/765], Loss: 0.07757514715194702
Epoch: [86/100], Step: [200/765], Loss: 0.0764768123626709
Epoch: [86/100], Step: [300/765], Loss: 0.19971339404582977
Epoch: [86/100], Step: [400/765], Loss: 0.06868419051170349
Epoch: [86/100], Step: [500/765], Loss: 0.160315603017807
Epoch: [86/100], Step: [600/765], Loss: 0.0886324867606163
Epoch: [86/100], Step: [700/765], Loss: 0.1134946346282959
Validation: Epoch: [86/100], mean Loss: 0.12666353583335876, last loss:0.12040694057941437
Epoch: [87/100], Step: [100/765], Loss: 0.10778399556875229
Epoch: [87/100], Step: [200/765], Loss: 0.0872344821691513
Epoch: [87/100], Step: [300/765], Loss: 0.1579453945159912
Epoch: [87/100], Step: [400/765], Loss: 0.1396263837814331
Epoch: [87/100], Step: [500/765], Loss: 0.0649864673614502
Epoch: [87/100], Step: [600/765], Loss: 0.08302219212055206
Epoch: [87/100], Step: [700/765], Loss: 0.24568913877010345
Validation: Epoch: [87/100], mean Loss: 0.11905652284622192, last loss:0.12143512070178986
Epoch: [88/100], Step: [100/765], Loss: 0.07583744823932648
Epoch: [88/100], Step: [200/765], Loss: 0.06124263256788254
Epoch: [88/100], Step: [300/765], Loss: 0.11807146668434143
Epoch: [88/100], Step: [400/765], Loss: 0.1359959840774536
Epoch: [88/100], Step: [500/765], Loss: 0.050197016447782516
Epoch: [88/100], Step: [600/765], Loss: 0.08676479756832123
Epoch: [88/100], Step: [700/765], Loss: 0.08744259923696518
Validation: Epoch: [88/100], mean Loss: 0.11727274954319, last loss:0.10939626395702362
Epoch: [89/100], Step: [100/765], Loss: 0.10690021514892578
Epoch: [89/100], Step: [200/765], Loss: 0.12757200002670288
Epoch: [89/100], Step: [300/765], Loss: 0.16191454231739044
Epoch: [89/100], Step: [400/765], Loss: 0.06216961145401001
Epoch: [89/100], Step: [500/765], Loss: 0.094690702855587
Epoch: [89/100], Step: [600/765], Loss: 0.06602203845977783
Epoch: [89/100], Step: [700/765], Loss: 0.11251065135002136
Validation: Epoch: [89/100], mean Loss: 0.10382124036550522, last loss:0.10140933096408844
Epoch: [90/100], Step: [100/765], Loss: 0.14550194144248962
Epoch: [90/100], Step: [200/765], Loss: 0.0642472356557846
Epoch: [90/100], Step: [300/765], Loss: 0.10195595026016235
Epoch: [90/100], Step: [400/765], Loss: 0.0736350566148758
Epoch: [90/100], Step: [500/765], Loss: 0.10654851049184799
Epoch: [90/100], Step: [600/765], Loss: 0.09649938344955444
Epoch: [90/100], Step: [700/765], Loss: 0.07929612696170807
Validation: Epoch: [90/100], mean Loss: 0.07888607680797577, last loss:0.07197754085063934
Epoch: [91/100], Step: [100/765], Loss: 0.11106118559837341
Epoch: [91/100], Step: [200/765], Loss: 0.05186065658926964
Epoch: [91/100], Step: [300/765], Loss: 0.08230607211589813
Epoch: [91/100], Step: [400/765], Loss: 0.17271754145622253
Epoch: [91/100], Step: [500/765], Loss: 0.07673592865467072
Epoch: [91/100], Step: [600/765], Loss: 0.09813406318426132
Epoch: [91/100], Step: [700/765], Loss: 0.09882350265979767
Validation: Epoch: [91/100], mean Loss: 0.10001076012849808, last loss:0.08179765194654465
Epoch: [92/100], Step: [100/765], Loss: 0.11147445440292358
Epoch: [92/100], Step: [200/765], Loss: 0.07799531519412994
Epoch: [92/100], Step: [300/765], Loss: 0.05958396941423416
Epoch: [92/100], Step: [400/765], Loss: 0.1812848150730133
Epoch: [92/100], Step: [500/765], Loss: 0.06465885043144226
Epoch: [92/100], Step: [600/765], Loss: 0.0904385894536972
Epoch: [92/100], Step: [700/765], Loss: 0.1456618458032608
Validation: Epoch: [92/100], mean Loss: 0.15608000755310059, last loss:0.15422682464122772
Epoch: [93/100], Step: [100/765], Loss: 0.09653191268444061
Epoch: [93/100], Step: [200/765], Loss: 0.032713182270526886
Epoch: [93/100], Step: [300/765], Loss: 0.11625679582357407
Epoch: [93/100], Step: [400/765], Loss: 0.19771647453308105
Epoch: [93/100], Step: [500/765], Loss: 0.11757643520832062
Epoch: [93/100], Step: [600/765], Loss: 0.0830082967877388
Epoch: [93/100], Step: [700/765], Loss: 0.11017176508903503
Validation: Epoch: [93/100], mean Loss: 0.10735394060611725, last loss:0.0686795562505722
Epoch: [94/100], Step: [100/765], Loss: 0.11074086278676987
Epoch: [94/100], Step: [200/765], Loss: 0.1525343954563141
Epoch: [94/100], Step: [300/765], Loss: 0.11585148423910141
Epoch: [94/100], Step: [400/765], Loss: 0.12297835201025009
Epoch: [94/100], Step: [500/765], Loss: 0.13271497189998627
Epoch: [94/100], Step: [600/765], Loss: 0.0854215919971466
Epoch: [94/100], Step: [700/765], Loss: 0.13778559863567352
Validation: Epoch: [94/100], mean Loss: 0.07713301479816437, last loss:0.0711946189403534
Epoch: [95/100], Step: [100/765], Loss: 0.13939595222473145
Epoch: [95/100], Step: [200/765], Loss: 0.04201016575098038
Epoch: [95/100], Step: [300/765], Loss: 0.16829484701156616
Epoch: [95/100], Step: [400/765], Loss: 0.11708523333072662
Epoch: [95/100], Step: [500/765], Loss: 0.05578112602233887
Epoch: [95/100], Step: [600/765], Loss: 0.1562526971101761
Epoch: [95/100], Step: [700/765], Loss: 0.08847680687904358
Validation: Epoch: [95/100], mean Loss: 0.10615690052509308, last loss:0.10471656918525696
Epoch: [96/100], Step: [100/765], Loss: 0.06216740608215332
Epoch: [96/100], Step: [200/765], Loss: 0.06713038682937622
Epoch: [96/100], Step: [300/765], Loss: 0.14728215336799622
Epoch: [96/100], Step: [400/765], Loss: 0.16061930358409882
Epoch: [96/100], Step: [500/765], Loss: 0.13722315430641174
Epoch: [96/100], Step: [600/765], Loss: 0.08510753512382507
Epoch: [96/100], Step: [700/765], Loss: 0.08663937449455261
Validation: Epoch: [96/100], mean Loss: 0.12624365091323853, last loss:0.13069969415664673
Epoch: [97/100], Step: [100/765], Loss: 0.10652472823858261
Epoch: [97/100], Step: [200/765], Loss: 0.1375863254070282
Epoch: [97/100], Step: [300/765], Loss: 0.08392578363418579
Epoch: [97/100], Step: [400/765], Loss: 0.24885737895965576
Epoch: [97/100], Step: [500/765], Loss: 0.10371487587690353
Epoch: [97/100], Step: [600/765], Loss: 0.05840006470680237
Epoch: [97/100], Step: [700/765], Loss: 0.0952949970960617
Validation: Epoch: [97/100], mean Loss: 0.08116421848535538, last loss:0.05864933133125305
Epoch: [98/100], Step: [100/765], Loss: 0.10203759372234344
Epoch: [98/100], Step: [200/765], Loss: 0.09244802594184875
Epoch: [98/100], Step: [300/765], Loss: 0.06953809410333633
Epoch: [98/100], Step: [400/765], Loss: 0.060547780245542526
Epoch: [98/100], Step: [500/765], Loss: 0.10544275492429733
Epoch: [98/100], Step: [600/765], Loss: 0.07897984981536865
Epoch: [98/100], Step: [700/765], Loss: 0.06789661943912506
Validation: Epoch: [98/100], mean Loss: 0.11457088589668274, last loss:0.10534840822219849
Epoch: [99/100], Step: [100/765], Loss: 0.10516878962516785
Epoch: [99/100], Step: [200/765], Loss: 0.06588511914014816
Epoch: [99/100], Step: [300/765], Loss: 0.12685775756835938
Epoch: [99/100], Step: [400/765], Loss: 0.08039574325084686
Epoch: [99/100], Step: [500/765], Loss: 0.054230883717536926
Epoch: [99/100], Step: [600/765], Loss: 0.09978027641773224
Epoch: [99/100], Step: [700/765], Loss: 0.080007404088974
Validation: Epoch: [99/100], mean Loss: 0.12534382939338684, last loss:0.15592139959335327
Epoch: [100/100], Step: [100/765], Loss: 0.11683684587478638
Epoch: [100/100], Step: [200/765], Loss: 0.15306174755096436
Epoch: [100/100], Step: [300/765], Loss: 0.11062370240688324
Epoch: [100/100], Step: [400/765], Loss: 0.12463720142841339
Epoch: [100/100], Step: [500/765], Loss: 0.1376001238822937
Epoch: [100/100], Step: [600/765], Loss: 0.09301471710205078
Epoch: [100/100], Step: [700/765], Loss: 0.08624684810638428
Validation: Epoch: [100/100], mean Loss: 0.08037856966257095, last loss:0.07347236573696136
2021-08-11 21:22:55.079030: I tensorflow/stream_executor/platform/default/dso_loader.cc:53] Successfully opened dynamic library libcudart.so.11.0
Loaded pretrained weights for efficientnet-b0
765 85
